C:\USERS\UMIONMAN\DOCUMENTS\VISUAL STUDIO 2010\PROJECTS\Y4M_YUV\DEBUG\Y4M_YUV.EXE
C:\USERS\UMIONMAN\DOCUMENTS\VISUAL STUDIO 2010\PROJECTS\Y4M_YUV\DEBUG\Y4M_YUV.ILK
C:\USERS\UMIONMAN\DOCUMENTS\VISUAL STUDIO 2010\PROJECTS\Y4M_YUV\DEBUG\Y4M_YUV.PDB
C:\Users\umionman\documents\visual studio 2010\Projects\y4m_yuv\y4m_yuv\Debug\cl.command.1.tlog
C:\Users\umionman\documents\visual studio 2010\Projects\y4m_yuv\y4m_yuv\Debug\CL.read.1.tlog
C:\Users\umionman\documents\visual studio 2010\Projects\y4m_yuv\y4m_yuv\Debug\CL.write.1.tlog
C:\Users\umionman\documents\visual studio 2010\Projects\y4m_yuv\y4m_yuv\Debug\link.10632.read.1.tlog
C:\Users\umionman\documents\visual studio 2010\Projects\y4m_yuv\y4m_yuv\Debug\link.10632.write.1.tlog
C:\Users\umionman\documents\visual studio 2010\Projects\y4m_yuv\y4m_yuv\Debug\link.10632-cvtres.read.1.tlog
C:\Users\umionman\documents\visual studio 2010\Projects\y4m_yuv\y4m_yuv\Debug\link.10632-cvtres.write.1.tlog
C:\Users\umionman\documents\visual studio 2010\Projects\y4m_yuv\y4m_yuv\Debug\link.9644.read.1.tlog
C:\Users\umionman\documents\visual studio 2010\Projects\y4m_yuv\y4m_yuv\Debug\link.9644.write.1.tlog
C:\Users\umionman\documents\visual studio 2010\Projects\y4m_yuv\y4m_yuv\Debug\link.9644-cvtres.read.1.tlog
C:\Users\umionman\documents\visual studio 2010\Projects\y4m_yuv\y4m_yuv\Debug\link.9644-cvtres.write.1.tlog
C:\Users\umionman\documents\visual studio 2010\Projects\y4m_yuv\y4m_yuv\Debug\link.command.1.tlog
C:\Users\umionman\documents\visual studio 2010\Projects\y4m_yuv\y4m_yuv\Debug\link.read.1.tlog
C:\Users\umionman\documents\visual studio 2010\Projects\y4m_yuv\y4m_yuv\Debug\link.write.1.tlog
C:\Users\umionman\documents\visual studio 2010\Projects\y4m_yuv\y4m_yuv\Debug\link-cvtres.read.1.tlog
C:\Users\umionman\documents\visual studio 2010\Projects\y4m_yuv\y4m_yuv\Debug\link-cvtres.write.1.tlog
C:\USERS\UMIONMAN\DOCUMENTS\VISUAL STUDIO 2010\PROJECTS\Y4M_YUV\Y4M_YUV\DEBUG\MAIN.OBJ
C:\Users\umionman\documents\visual studio 2010\Projects\y4m_yuv\y4m_yuv\Debug\mt.command.1.tlog
C:\Users\umionman\documents\visual studio 2010\Projects\y4m_yuv\y4m_yuv\Debug\mt.read.1.tlog
C:\Users\umionman\documents\visual studio 2010\Projects\y4m_yuv\y4m_yuv\Debug\mt.write.1.tlog
C:\Users\umionman\documents\visual studio 2010\Projects\y4m_yuv\y4m_yuv\Debug\rc.command.1.tlog
C:\Users\umionman\documents\visual studio 2010\Projects\y4m_yuv\y4m_yuv\Debug\rc.read.1.tlog
C:\Users\umionman\documents\visual studio 2010\Projects\y4m_yuv\y4m_yuv\Debug\rc.write.1.tlog
C:\USERS\UMIONMAN\DOCUMENTS\VISUAL STUDIO 2010\PROJECTS\Y4M_YUV\Y4M_YUV\DEBUG\STDAFX.OBJ
C:\Users\umionman\documents\visual studio 2010\Projects\y4m_yuv\y4m_yuv\Debug\vc100.idb
C:\USERS\UMIONMAN\DOCUMENTS\VISUAL STUDIO 2010\PROJECTS\Y4M_YUV\Y4M_YUV\DEBUG\VC100.PDB
C:\USERS\UMIONMAN\DOCUMENTS\VISUAL STUDIO 2010\PROJECTS\Y4M_YUV\Y4M_YUV\DEBUG\Y4M_YUV.EXE.EMBED.MANIFEST
C:\USERS\UMIONMAN\DOCUMENTS\VISUAL STUDIO 2010\PROJECTS\Y4M_YUV\Y4M_YUV\DEBUG\Y4M_YUV.EXE.EMBED.MANIFEST.RES
C:\USERS\UMIONMAN\DOCUMENTS\VISUAL STUDIO 2010\PROJECTS\Y4M_YUV\Y4M_YUV\DEBUG\Y4M_YUV.EXE.INTERMEDIATE.MANIFEST
C:\USERS\UMIONMAN\DOCUMENTS\VISUAL STUDIO 2010\PROJECTS\Y4M_YUV\Y4M_YUV\DEBUG\Y4M_YUV.OBJ
C:\USERS\UMIONMAN\DOCUMENTS\VISUAL STUDIO 2010\PROJECTS\Y4M_YUV\Y4M_YUV\DEBUG\Y4M_YUV.PCH
C:\Users\umionman\documents\visual studio 2010\Projects\y4m_yuv\y4m_yuv\Debug\y4m_yuv.vcxprojResolveAssemblyReference.cache
C:\Users\umionman\documents\visual studio 2010\Projects\y4m_yuv\y4m_yuv\Debug\y4m_yuv.write.1.tlog
C:\Users\umionman\documents\visual studio 2010\Projects\y4m_yuv\y4m_yuv\Debug\y4m_yuv_manifest.rc
C:\USERS\UMIONMAN\DOCUMENTS\VISUAL STUDIO 2010\PROJECTS\Y4M_YUV\Y4M_YUV\DEBUG\YUV_LOG.OBJ
