E:\C\PLAYER\DYNAMIC_PROGRAMMING\DEBUG\DYNAMIC_PROGRAMMING.EXE
E:\C\PLAYER\DYNAMIC_PROGRAMMING\DEBUG\DYNAMIC_PROGRAMMING.ILK
E:\C\PLAYER\DYNAMIC_PROGRAMMING\DEBUG\DYNAMIC_PROGRAMMING.PDB
E:\c\player\dynamic_programming\dynamic_programming\Debug\cl.command.1.tlog
E:\c\player\dynamic_programming\dynamic_programming\Debug\CL.read.1.tlog
E:\c\player\dynamic_programming\dynamic_programming\Debug\CL.write.1.tlog
E:\C\PLAYER\DYNAMIC_PROGRAMMING\DYNAMIC_PROGRAMMING\DEBUG\DYNAMIC_PROGRAMMING.EXE.EMBED.MANIFEST
E:\C\PLAYER\DYNAMIC_PROGRAMMING\DYNAMIC_PROGRAMMING\DEBUG\DYNAMIC_PROGRAMMING.EXE.EMBED.MANIFEST.RES
E:\C\PLAYER\DYNAMIC_PROGRAMMING\DYNAMIC_PROGRAMMING\DEBUG\DYNAMIC_PROGRAMMING.EXE.INTERMEDIATE.MANIFEST
E:\C\PLAYER\DYNAMIC_PROGRAMMING\DYNAMIC_PROGRAMMING\DEBUG\DYNAMIC_PROGRAMMING.OBJ
E:\C\PLAYER\DYNAMIC_PROGRAMMING\DYNAMIC_PROGRAMMING\DEBUG\DYNAMIC_PROGRAMMING.PCH
E:\c\player\dynamic_programming\dynamic_programming\Debug\dynamic_programming.vcxprojResolveAssemblyReference.cache
E:\c\player\dynamic_programming\dynamic_programming\Debug\dynamic_programming.write.1.tlog
E:\c\player\dynamic_programming\dynamic_programming\Debug\dynamic_programming_manifest.rc
E:\c\player\dynamic_programming\dynamic_programming\Debug\link.35204.read.1.tlog
E:\c\player\dynamic_programming\dynamic_programming\Debug\link.35204.write.1.tlog
E:\c\player\dynamic_programming\dynamic_programming\Debug\link.35204-cvtres.read.1.tlog
E:\c\player\dynamic_programming\dynamic_programming\Debug\link.35204-cvtres.write.1.tlog
E:\c\player\dynamic_programming\dynamic_programming\Debug\link.command.1.tlog
E:\c\player\dynamic_programming\dynamic_programming\Debug\link.read.1.tlog
E:\c\player\dynamic_programming\dynamic_programming\Debug\link.write.1.tlog
E:\c\player\dynamic_programming\dynamic_programming\Debug\link-cvtres.read.1.tlog
E:\c\player\dynamic_programming\dynamic_programming\Debug\link-cvtres.write.1.tlog
E:\c\player\dynamic_programming\dynamic_programming\Debug\mt.command.1.tlog
E:\c\player\dynamic_programming\dynamic_programming\Debug\mt.read.1.tlog
E:\c\player\dynamic_programming\dynamic_programming\Debug\mt.write.1.tlog
E:\c\player\dynamic_programming\dynamic_programming\Debug\rc.command.1.tlog
E:\c\player\dynamic_programming\dynamic_programming\Debug\rc.read.1.tlog
E:\c\player\dynamic_programming\dynamic_programming\Debug\rc.write.1.tlog
E:\C\PLAYER\DYNAMIC_PROGRAMMING\DYNAMIC_PROGRAMMING\DEBUG\STDAFX.OBJ
E:\c\player\dynamic_programming\dynamic_programming\Debug\vc100.idb
E:\C\PLAYER\DYNAMIC_PROGRAMMING\DYNAMIC_PROGRAMMING\DEBUG\VC100.PDB
